2026-04-03 19:20:32.924 [main] INFO  c.i.a.b.BaseTest - Starting test setup. Browser parameter: null, resolved browser: chrome, headless: false
2026-04-03 19:20:32.949 [main] INFO  c.i.a.f.DriverFactory - Initializing driver. Browser: chrome, headless: false
2026-04-03 19:20:33.505 [main] WARN  i.g.b.w.c.ResolutionCache - Exception writing resolution cache as a properties file java.io.FileNotFoundException
2026-04-03 19:20:33.577 [main] WARN  i.g.b.w.v.VersionDetector - Error reading commands.properties, using local instead
2026-04-03 19:20:33.715 [main] WARN  i.g.b.w.c.ResolutionCache - Exception writing resolution cache as a properties file java.io.FileNotFoundException
2026-04-03 19:20:33.746 [main] WARN  i.g.b.w.v.VersionDetector - Exception reading CfT URL ('https://googlechromelabs.github.io/chrome-for-testing/known-good-versions-with-downloads.json') to get version of chromedriver (Connect to http://kubernetes.docker.internal:9 [kubernetes.docker.internal/127.0.0.1] failed: Connection refused: no further information)
2026-04-03 19:20:33.762 [main] WARN  i.g.b.w.v.VersionDetector - Exception reading https://googlechromelabs.github.io/chrome-for-testing/LATEST_RELEASE_146 to get latest version of chromedriver (Connect to http://kubernetes.docker.internal:9 [kubernetes.docker.internal/127.0.0.1] failed: Connection refused: no further information)
2026-04-03 19:20:33.777 [main] WARN  i.g.b.w.v.VersionDetector - Exception reading CfT URL ('https://googlechromelabs.github.io/chrome-for-testing/last-known-good-versions-with-downloads.json') to get version of chromedriver (Connect to http://kubernetes.docker.internal:9 [kubernetes.docker.internal/127.0.0.1] failed: Connection refused: no further information)
2026-04-03 19:20:33.793 [main] WARN  i.g.b.w.v.VersionDetector - Exception reading https://googlechromelabs.github.io/chrome-for-testing/LATEST_RELEASE_STABLE to get latest version of chromedriver (Connect to http://kubernetes.docker.internal:9 [kubernetes.docker.internal/127.0.0.1] failed: Connection refused: no further information)
2026-04-03 19:20:33.825 [main] WARN  i.g.b.w.WebDriverManager - There was an error managing chromedriver (latest version) (Connect to http://kubernetes.docker.internal:9 [kubernetes.docker.internal/127.0.0.1] failed: Connection refused: no further information) ... trying again using latest driver stored in cache
2026-04-03 19:20:33.856 [main] WARN  i.g.b.w.v.VersionDetector - Exception reading CfT URL ('https://googlechromelabs.github.io/chrome-for-testing/last-known-good-versions-with-downloads.json') to get version of chromedriver (Connect to http://kubernetes.docker.internal:9 [kubernetes.docker.internal/127.0.0.1] failed: Connection refused: no further information)
2026-04-03 19:20:33.877 [main] WARN  i.g.b.w.v.VersionDetector - Exception reading https://googlechromelabs.github.io/chrome-for-testing/LATEST_RELEASE_STABLE to get latest version of chromedriver (Connect to http://kubernetes.docker.internal:9 [kubernetes.docker.internal/127.0.0.1] failed: Connection refused: no further information)
2026-04-03 19:20:33.903 [main] ERROR i.g.b.w.WebDriverManager - There was an error managing chromedriver (latest version) (Connect to http://kubernetes.docker.internal:9 [kubernetes.docker.internal/127.0.0.1] failed: Connection refused: no further information)
org.apache.hc.client5.http.HttpHostConnectException: Connect to http://kubernetes.docker.internal:9 [kubernetes.docker.internal/127.0.0.1] failed: Connection refused: no further information
	at java.base/sun.nio.ch.Net.pollConnect(Native Method)
	at java.base/sun.nio.ch.Net.pollConnectNow(Net.java:672)
	at java.base/sun.nio.ch.NioSocketImpl.timedFinishConnect(NioSocketImpl.java:547)
	at java.base/sun.nio.ch.NioSocketImpl.connect(NioSocketImpl.java:602)
	at java.base/java.net.SocksSocketImpl.connect(SocksSocketImpl.java:327)
	at java.base/java.net.Socket.connect(Socket.java:633)
	at org.apache.hc.client5.http.socket.PlainConnectionSocketFactory.lambda$connectSocket$0(PlainConnectionSocketFactory.java:85)
	at java.base/java.security.AccessController.doPrivileged(AccessController.java:569)
	at org.apache.hc.client5.http.socket.PlainConnectionSocketFactory.connectSocket(PlainConnectionSocketFactory.java:84)
	at org.apache.hc.client5.http.socket.ConnectionSocketFactory.connectSocket(ConnectionSocketFactory.java:113)
	at org.apache.hc.client5.http.impl.io.DefaultHttpClientConnectionOperator.connect(DefaultHttpClientConnectionOperator.java:181)
	at org.apache.hc.client5.http.impl.io.PoolingHttpClientConnectionManager.connect(PoolingHttpClientConnectionManager.java:447)
	at org.apache.hc.client5.http.impl.classic.InternalExecRuntime.connectEndpoint(InternalExecRuntime.java:162)
	at org.apache.hc.client5.http.impl.classic.InternalExecRuntime.connectEndpoint(InternalExecRuntime.java:172)
	at org.apache.hc.client5.http.impl.classic.ConnectExec.execute(ConnectExec.java:146)
	at org.apache.hc.client5.http.impl.classic.ExecChainElement.execute(ExecChainElement.java:51)
	at org.apache.hc.client5.http.impl.classic.ProtocolExec.execute(ProtocolExec.java:192)
	at org.apache.hc.client5.http.impl.classic.ExecChainElement.execute(ExecChainElement.java:51)
	at org.apache.hc.client5.http.impl.classic.HttpRequestRetryExec.execute(HttpRequestRetryExec.java:96)
	at org.apache.hc.client5.http.impl.classic.ExecChainElement.execute(ExecChainElement.java:51)
	at org.apache.hc.client5.http.impl.classic.ContentCompressionExec.execute(ContentCompressionExec.java:152)
	at org.apache.hc.client5.http.impl.classic.ExecChainElement.execute(ExecChainElement.java:51)
	at org.apache.hc.client5.http.impl.classic.RedirectExec.execute(RedirectExec.java:115)
	at org.apache.hc.client5.http.impl.classic.ExecChainElement.execute(ExecChainElement.java:51)
	at org.apache.hc.client5.http.impl.classic.InternalHttpClient.doExecute(InternalHttpClient.java:170)
	at org.apache.hc.client5.http.impl.classic.CloseableHttpClient.execute(CloseableHttpClient.java:87)
	at org.apache.hc.client5.http.impl.classic.CloseableHttpClient.execute(CloseableHttpClient.java:55)
	at org.apache.hc.client5.http.classic.HttpClient.executeOpen(HttpClient.java:183)
	at io.github.bonigarcia.wdm.online.HttpClient.execute(HttpClient.java:157)
	at io.github.bonigarcia.wdm.online.Parser.parseJson(Parser.java:54)
	at io.github.bonigarcia.wdm.managers.ChromeDriverManager.getDriverUrls(ChromeDriverManager.java:117)
	at io.github.bonigarcia.wdm.WebDriverManager.createUrlHandler(WebDriverManager.java:1442)
	at io.github.bonigarcia.wdm.WebDriverManager.download(WebDriverManager.java:1268)
	at io.github.bonigarcia.wdm.WebDriverManager.manage(WebDriverManager.java:1184)
	at io.github.bonigarcia.wdm.WebDriverManager.fallback(WebDriverManager.java:1437)
	at io.github.bonigarcia.wdm.WebDriverManager.handleException(WebDriverManager.java:1415)
	at io.github.bonigarcia.wdm.WebDriverManager.manage(WebDriverManager.java:1190)
	at io.github.bonigarcia.wdm.WebDriverManager.setup(WebDriverManager.java:427)
	at com.imran.automation.factory.DriverFactory.initializeDriver(DriverFactory.java:48)
	at com.imran.automation.base.BaseTest.setUp(BaseTest.java:26)
	at java.base/jdk.internal.reflect.NativeMethodAccessorImpl.invoke0(Native Method)
	at java.base/jdk.internal.reflect.NativeMethodAccessorImpl.invoke(NativeMethodAccessorImpl.java:77)
	at java.base/jdk.internal.reflect.DelegatingMethodAccessorImpl.invoke(DelegatingMethodAccessorImpl.java:43)
	at java.base/java.lang.reflect.Method.invoke(Method.java:568)
	at org.testng.internal.invokers.MethodInvocationHelper.invokeMethod(MethodInvocationHelper.java:141)
	at org.testng.internal.invokers.MethodInvocationHelper.invokeMethodConsideringTimeout(MethodInvocationHelper.java:71)
	at org.testng.internal.invokers.ConfigInvoker.invokeConfigurationMethod(ConfigInvoker.java:400)
	at org.testng.internal.invokers.ConfigInvoker.invokeConfigurations(ConfigInvoker.java:333)
	at org.testng.internal.invokers.TestInvoker.runConfigMethods(TestInvoker.java:836)
	at org.testng.internal.invokers.TestInvoker.invokeMethod(TestInvoker.java:601)
	at org.testng.internal.invokers.TestInvoker.invokeTestMethod(TestInvoker.java:230)
	at org.testng.internal.invokers.MethodRunner.runInSequence(MethodRunner.java:63)
	at org.testng.internal.invokers.TestInvoker$MethodInvocationAgent.invoke(TestInvoker.java:995)
	at org.testng.internal.invokers.TestInvoker.invokeTestMethods(TestInvoker.java:203)
	at org.testng.internal.invokers.TestMethodWorker.invokeTestMethods(TestMethodWorker.java:154)
	at org.testng.internal.invokers.TestMethodWorker.run(TestMethodWorker.java:134)
	at java.base/java.util.ArrayList.forEach(ArrayList.java:1511)
	at org.testng.TestRunner.privateRun(TestRunner.java:741)
	at org.testng.TestRunner.run(TestRunner.java:616)
	at org.testng.SuiteRunner.runTest(SuiteRunner.java:421)
	at org.testng.SuiteRunner.runSequentially(SuiteRunner.java:413)
	at org.testng.SuiteRunner.privateRun(SuiteRunner.java:373)
	at org.testng.SuiteRunner.run(SuiteRunner.java:312)
	at org.testng.SuiteRunnerWorker.runSuite(SuiteRunnerWorker.java:52)
	at org.testng.SuiteRunnerWorker.run(SuiteRunnerWorker.java:95)
	at org.testng.TestNG.runSuitesSequentially(TestNG.java:1274)
	at org.testng.TestNG.runSuitesLocally(TestNG.java:1208)
	at org.testng.TestNG.runSuites(TestNG.java:1112)
	at org.testng.TestNG.run(TestNG.java:1079)
	at org.apache.maven.surefire.testng.TestNGExecutor.run(TestNGExecutor.java:155)
	at org.apache.maven.surefire.testng.TestNGDirectoryTestSuite.executeSingleClass(TestNGDirectoryTestSuite.java:102)
	at org.apache.maven.surefire.testng.TestNGDirectoryTestSuite.execute(TestNGDirectoryTestSuite.java:91)
	at org.apache.maven.surefire.testng.TestNGProvider.invoke(TestNGProvider.java:137)
	at org.apache.maven.surefire.booter.ForkedBooter.runSuitesInProcess(ForkedBooter.java:385)
	at org.apache.maven.surefire.booter.ForkedBooter.execute(ForkedBooter.java:162)
	at org.apache.maven.surefire.booter.ForkedBooter.run(ForkedBooter.java:507)
	at org.apache.maven.surefire.booter.ForkedBooter.main(ForkedBooter.java:495)
2026-04-03 19:20:33.912 [main] INFO  c.i.a.b.BaseTest - Starting test teardown.
2026-04-03 19:20:33.912 [main] INFO  c.i.a.b.BaseTest - Starting test setup. Browser parameter: null, resolved browser: chrome, headless: false
2026-04-03 19:20:33.917 [main] INFO  c.i.a.f.DriverFactory - Initializing driver. Browser: chrome, headless: false
2026-04-03 19:20:33.934 [main] WARN  i.g.b.w.c.ResolutionCache - Exception writing resolution cache as a properties file java.io.FileNotFoundException
2026-04-03 19:20:33.950 [main] WARN  i.g.b.w.v.VersionDetector - Error reading commands.properties, using local instead
2026-04-03 19:20:34.088 [main] WARN  i.g.b.w.c.ResolutionCache - Exception writing resolution cache as a properties file java.io.FileNotFoundException
2026-04-03 19:20:34.096 [main] WARN  i.g.b.w.v.VersionDetector - Exception reading CfT URL ('https://googlechromelabs.github.io/chrome-for-testing/known-good-versions-with-downloads.json') to get version of chromedriver (Connect to http://kubernetes.docker.internal:9 [kubernetes.docker.internal/127.0.0.1] failed: Connection refused: no further information)
2026-04-03 19:20:34.102 [main] WARN  i.g.b.w.v.VersionDetector - Exception reading https://googlechromelabs.github.io/chrome-for-testing/LATEST_RELEASE_146 to get latest version of chromedriver (Connect to http://kubernetes.docker.internal:9 [kubernetes.docker.internal/127.0.0.1] failed: Connection refused: no further information)
2026-04-03 19:20:34.108 [main] WARN  i.g.b.w.v.VersionDetector - Exception reading CfT URL ('https://googlechromelabs.github.io/chrome-for-testing/last-known-good-versions-with-downloads.json') to get version of chromedriver (Connect to http://kubernetes.docker.internal:9 [kubernetes.docker.internal/127.0.0.1] failed: Connection refused: no further information)
2026-04-03 19:20:34.111 [main] WARN  i.g.b.w.v.VersionDetector - Exception reading https://googlechromelabs.github.io/chrome-for-testing/LATEST_RELEASE_STABLE to get latest version of chromedriver (Connect to http://kubernetes.docker.internal:9 [kubernetes.docker.internal/127.0.0.1] failed: Connection refused: no further information)
2026-04-03 19:20:34.125 [main] WARN  i.g.b.w.WebDriverManager - There was an error managing chromedriver (latest version) (Connect to http://kubernetes.docker.internal:9 [kubernetes.docker.internal/127.0.0.1] failed: Connection refused: no further information) ... trying again using latest driver stored in cache
2026-04-03 19:20:34.137 [main] WARN  i.g.b.w.v.VersionDetector - Exception reading CfT URL ('https://googlechromelabs.github.io/chrome-for-testing/last-known-good-versions-with-downloads.json') to get version of chromedriver (Connect to http://kubernetes.docker.internal:9 [kubernetes.docker.internal/127.0.0.1] failed: Connection refused: no further information)
2026-04-03 19:20:34.141 [main] WARN  i.g.b.w.v.VersionDetector - Exception reading https://googlechromelabs.github.io/chrome-for-testing/LATEST_RELEASE_STABLE to get latest version of chromedriver (Connect to http://kubernetes.docker.internal:9 [kubernetes.docker.internal/127.0.0.1] failed: Connection refused: no further information)
2026-04-03 19:20:34.153 [main] ERROR i.g.b.w.WebDriverManager - There was an error managing chromedriver (latest version) (Connect to http://kubernetes.docker.internal:9 [kubernetes.docker.internal/127.0.0.1] failed: Connection refused: no further information)
org.apache.hc.client5.http.HttpHostConnectException: Connect to http://kubernetes.docker.internal:9 [kubernetes.docker.internal/127.0.0.1] failed: Connection refused: no further information
	at java.base/sun.nio.ch.Net.pollConnect(Native Method)
	at java.base/sun.nio.ch.Net.pollConnectNow(Net.java:672)
	at java.base/sun.nio.ch.NioSocketImpl.timedFinishConnect(NioSocketImpl.java:547)
	at java.base/sun.nio.ch.NioSocketImpl.connect(NioSocketImpl.java:602)
	at java.base/java.net.SocksSocketImpl.connect(SocksSocketImpl.java:327)
	at java.base/java.net.Socket.connect(Socket.java:633)
	at org.apache.hc.client5.http.socket.PlainConnectionSocketFactory.lambda$connectSocket$0(PlainConnectionSocketFactory.java:85)
	at java.base/java.security.AccessController.doPrivileged(AccessController.java:569)
	at org.apache.hc.client5.http.socket.PlainConnectionSocketFactory.connectSocket(PlainConnectionSocketFactory.java:84)
	at org.apache.hc.client5.http.socket.ConnectionSocketFactory.connectSocket(ConnectionSocketFactory.java:113)
	at org.apache.hc.client5.http.impl.io.DefaultHttpClientConnectionOperator.connect(DefaultHttpClientConnectionOperator.java:181)
	at org.apache.hc.client5.http.impl.io.PoolingHttpClientConnectionManager.connect(PoolingHttpClientConnectionManager.java:447)
	at org.apache.hc.client5.http.impl.classic.InternalExecRuntime.connectEndpoint(InternalExecRuntime.java:162)
	at org.apache.hc.client5.http.impl.classic.InternalExecRuntime.connectEndpoint(InternalExecRuntime.java:172)
	at org.apache.hc.client5.http.impl.classic.ConnectExec.execute(ConnectExec.java:146)
	at org.apache.hc.client5.http.impl.classic.ExecChainElement.execute(ExecChainElement.java:51)
	at org.apache.hc.client5.http.impl.classic.ProtocolExec.execute(ProtocolExec.java:192)
	at org.apache.hc.client5.http.impl.classic.ExecChainElement.execute(ExecChainElement.java:51)
	at org.apache.hc.client5.http.impl.classic.HttpRequestRetryExec.execute(HttpRequestRetryExec.java:96)
	at org.apache.hc.client5.http.impl.classic.ExecChainElement.execute(ExecChainElement.java:51)
	at org.apache.hc.client5.http.impl.classic.ContentCompressionExec.execute(ContentCompressionExec.java:152)
	at org.apache.hc.client5.http.impl.classic.ExecChainElement.execute(ExecChainElement.java:51)
	at org.apache.hc.client5.http.impl.classic.RedirectExec.execute(RedirectExec.java:115)
	at org.apache.hc.client5.http.impl.classic.ExecChainElement.execute(ExecChainElement.java:51)
	at org.apache.hc.client5.http.impl.classic.InternalHttpClient.doExecute(InternalHttpClient.java:170)
	at org.apache.hc.client5.http.impl.classic.CloseableHttpClient.execute(CloseableHttpClient.java:87)
	at org.apache.hc.client5.http.impl.classic.CloseableHttpClient.execute(CloseableHttpClient.java:55)
	at org.apache.hc.client5.http.classic.HttpClient.executeOpen(HttpClient.java:183)
	at io.github.bonigarcia.wdm.online.HttpClient.execute(HttpClient.java:157)
	at io.github.bonigarcia.wdm.online.Parser.parseJson(Parser.java:54)
	at io.github.bonigarcia.wdm.managers.ChromeDriverManager.getDriverUrls(ChromeDriverManager.java:117)
	at io.github.bonigarcia.wdm.WebDriverManager.createUrlHandler(WebDriverManager.java:1442)
	at io.github.bonigarcia.wdm.WebDriverManager.download(WebDriverManager.java:1268)
	at io.github.bonigarcia.wdm.WebDriverManager.manage(WebDriverManager.java:1184)
	at io.github.bonigarcia.wdm.WebDriverManager.fallback(WebDriverManager.java:1437)
	at io.github.bonigarcia.wdm.WebDriverManager.handleException(WebDriverManager.java:1415)
	at io.github.bonigarcia.wdm.WebDriverManager.manage(WebDriverManager.java:1190)
	at io.github.bonigarcia.wdm.WebDriverManager.setup(WebDriverManager.java:427)
	at com.imran.automation.factory.DriverFactory.initializeDriver(DriverFactory.java:48)
	at com.imran.automation.base.BaseTest.setUp(BaseTest.java:26)
	at java.base/jdk.internal.reflect.NativeMethodAccessorImpl.invoke0(Native Method)
	at java.base/jdk.internal.reflect.NativeMethodAccessorImpl.invoke(NativeMethodAccessorImpl.java:77)
	at java.base/jdk.internal.reflect.DelegatingMethodAccessorImpl.invoke(DelegatingMethodAccessorImpl.java:43)
	at java.base/java.lang.reflect.Method.invoke(Method.java:568)
	at org.testng.internal.invokers.MethodInvocationHelper.invokeMethod(MethodInvocationHelper.java:141)
	at org.testng.internal.invokers.MethodInvocationHelper.invokeMethodConsideringTimeout(MethodInvocationHelper.java:71)
	at org.testng.internal.invokers.ConfigInvoker.invokeConfigurationMethod(ConfigInvoker.java:400)
	at org.testng.internal.invokers.ConfigInvoker.invokeConfigurations(ConfigInvoker.java:333)
	at org.testng.internal.invokers.TestInvoker.runConfigMethods(TestInvoker.java:836)
	at org.testng.internal.invokers.TestInvoker.invokeMethod(TestInvoker.java:601)
	at org.testng.internal.invokers.TestInvoker.invokeTestMethod(TestInvoker.java:230)
	at org.testng.internal.invokers.MethodRunner.runInSequence(MethodRunner.java:63)
	at org.testng.internal.invokers.TestInvoker$MethodInvocationAgent.invoke(TestInvoker.java:995)
	at org.testng.internal.invokers.TestInvoker.invokeTestMethods(TestInvoker.java:203)
	at org.testng.internal.invokers.TestMethodWorker.invokeTestMethods(TestMethodWorker.java:154)
	at org.testng.internal.invokers.TestMethodWorker.run(TestMethodWorker.java:134)
	at java.base/java.util.ArrayList.forEach(ArrayList.java:1511)
	at org.testng.TestRunner.privateRun(TestRunner.java:741)
	at org.testng.TestRunner.run(TestRunner.java:616)
	at org.testng.SuiteRunner.runTest(SuiteRunner.java:421)
	at org.testng.SuiteRunner.runSequentially(SuiteRunner.java:413)
	at org.testng.SuiteRunner.privateRun(SuiteRunner.java:373)
	at org.testng.SuiteRunner.run(SuiteRunner.java:312)
	at org.testng.SuiteRunnerWorker.runSuite(SuiteRunnerWorker.java:52)
	at org.testng.SuiteRunnerWorker.run(SuiteRunnerWorker.java:95)
	at org.testng.TestNG.runSuitesSequentially(TestNG.java:1274)
	at org.testng.TestNG.runSuitesLocally(TestNG.java:1208)
	at org.testng.TestNG.runSuites(TestNG.java:1112)
	at org.testng.TestNG.run(TestNG.java:1079)
	at org.apache.maven.surefire.testng.TestNGExecutor.run(TestNGExecutor.java:155)
	at org.apache.maven.surefire.testng.TestNGDirectoryTestSuite.executeSingleClass(TestNGDirectoryTestSuite.java:102)
	at org.apache.maven.surefire.testng.TestNGDirectoryTestSuite.execute(TestNGDirectoryTestSuite.java:91)
	at org.apache.maven.surefire.testng.TestNGProvider.invoke(TestNGProvider.java:137)
	at org.apache.maven.surefire.booter.ForkedBooter.runSuitesInProcess(ForkedBooter.java:385)
	at org.apache.maven.surefire.booter.ForkedBooter.execute(ForkedBooter.java:162)
	at org.apache.maven.surefire.booter.ForkedBooter.run(ForkedBooter.java:507)
	at org.apache.maven.surefire.booter.ForkedBooter.main(ForkedBooter.java:495)
2026-04-03 19:20:34.165 [main] INFO  c.i.a.b.BaseTest - Starting test teardown.
2026-04-03 19:20:34.169 [main] INFO  c.i.a.b.BaseTest - Starting test setup. Browser parameter: null, resolved browser: chrome, headless: false
2026-04-03 19:20:34.169 [main] INFO  c.i.a.f.DriverFactory - Initializing driver. Browser: chrome, headless: false
2026-04-03 19:20:34.196 [main] WARN  i.g.b.w.c.ResolutionCache - Exception writing resolution cache as a properties file java.io.FileNotFoundException
2026-04-03 19:20:34.200 [main] WARN  i.g.b.w.v.VersionDetector - Error reading commands.properties, using local instead
2026-04-03 19:20:34.325 [main] WARN  i.g.b.w.c.ResolutionCache - Exception writing resolution cache as a properties file java.io.FileNotFoundException
2026-04-03 19:20:34.325 [main] WARN  i.g.b.w.v.VersionDetector - Exception reading CfT URL ('https://googlechromelabs.github.io/chrome-for-testing/known-good-versions-with-downloads.json') to get version of chromedriver (Connect to http://kubernetes.docker.internal:9 [kubernetes.docker.internal/127.0.0.1] failed: Connection refused: no further information)
2026-04-03 19:20:34.325 [main] WARN  i.g.b.w.v.VersionDetector - Exception reading https://googlechromelabs.github.io/chrome-for-testing/LATEST_RELEASE_146 to get latest version of chromedriver (Connect to http://kubernetes.docker.internal:9 [kubernetes.docker.internal/127.0.0.1] failed: Connection refused: no further information)
2026-04-03 19:20:34.341 [main] WARN  i.g.b.w.v.VersionDetector - Exception reading CfT URL ('https://googlechromelabs.github.io/chrome-for-testing/last-known-good-versions-with-downloads.json') to get version of chromedriver (Connect to http://kubernetes.docker.internal:9 [kubernetes.docker.internal/127.0.0.1] failed: Connection refused: no further information)
2026-04-03 19:20:34.357 [main] WARN  i.g.b.w.v.VersionDetector - Exception reading https://googlechromelabs.github.io/chrome-for-testing/LATEST_RELEASE_STABLE to get latest version of chromedriver (Connect to http://kubernetes.docker.internal:9 [kubernetes.docker.internal/127.0.0.1] failed: Connection refused: no further information)
2026-04-03 19:20:34.373 [main] WARN  i.g.b.w.WebDriverManager - There was an error managing chromedriver (latest version) (Connect to http://kubernetes.docker.internal:9 [kubernetes.docker.internal/127.0.0.1] failed: Connection refused: no further information) ... trying again using latest driver stored in cache
2026-04-03 19:20:34.389 [main] WARN  i.g.b.w.v.VersionDetector - Exception reading CfT URL ('https://googlechromelabs.github.io/chrome-for-testing/last-known-good-versions-with-downloads.json') to get version of chromedriver (Connect to http://kubernetes.docker.internal:9 [kubernetes.docker.internal/127.0.0.1] failed: Connection refused: no further information)
2026-04-03 19:20:34.389 [main] WARN  i.g.b.w.v.VersionDetector - Exception reading https://googlechromelabs.github.io/chrome-for-testing/LATEST_RELEASE_STABLE to get latest version of chromedriver (Connect to http://kubernetes.docker.internal:9 [kubernetes.docker.internal/127.0.0.1] failed: Connection refused: no further information)
2026-04-03 19:20:34.405 [main] ERROR i.g.b.w.WebDriverManager - There was an error managing chromedriver (latest version) (Connect to http://kubernetes.docker.internal:9 [kubernetes.docker.internal/127.0.0.1] failed: Connection refused: no further information)
org.apache.hc.client5.http.HttpHostConnectException: Connect to http://kubernetes.docker.internal:9 [kubernetes.docker.internal/127.0.0.1] failed: Connection refused: no further information
	at java.base/sun.nio.ch.Net.pollConnect(Native Method)
	at java.base/sun.nio.ch.Net.pollConnectNow(Net.java:672)
	at java.base/sun.nio.ch.NioSocketImpl.timedFinishConnect(NioSocketImpl.java:547)
	at java.base/sun.nio.ch.NioSocketImpl.connect(NioSocketImpl.java:602)
	at java.base/java.net.SocksSocketImpl.connect(SocksSocketImpl.java:327)
	at java.base/java.net.Socket.connect(Socket.java:633)
	at org.apache.hc.client5.http.socket.PlainConnectionSocketFactory.lambda$connectSocket$0(PlainConnectionSocketFactory.java:85)
	at java.base/java.security.AccessController.doPrivileged(AccessController.java:569)
	at org.apache.hc.client5.http.socket.PlainConnectionSocketFactory.connectSocket(PlainConnectionSocketFactory.java:84)
	at org.apache.hc.client5.http.socket.ConnectionSocketFactory.connectSocket(ConnectionSocketFactory.java:113)
	at org.apache.hc.client5.http.impl.io.DefaultHttpClientConnectionOperator.connect(DefaultHttpClientConnectionOperator.java:181)
	at org.apache.hc.client5.http.impl.io.PoolingHttpClientConnectionManager.connect(PoolingHttpClientConnectionManager.java:447)
	at org.apache.hc.client5.http.impl.classic.InternalExecRuntime.connectEndpoint(InternalExecRuntime.java:162)
	at org.apache.hc.client5.http.impl.classic.InternalExecRuntime.connectEndpoint(InternalExecRuntime.java:172)
	at org.apache.hc.client5.http.impl.classic.ConnectExec.execute(ConnectExec.java:146)
	at org.apache.hc.client5.http.impl.classic.ExecChainElement.execute(ExecChainElement.java:51)
	at org.apache.hc.client5.http.impl.classic.ProtocolExec.execute(ProtocolExec.java:192)
	at org.apache.hc.client5.http.impl.classic.ExecChainElement.execute(ExecChainElement.java:51)
	at org.apache.hc.client5.http.impl.classic.HttpRequestRetryExec.execute(HttpRequestRetryExec.java:96)
	at org.apache.hc.client5.http.impl.classic.ExecChainElement.execute(ExecChainElement.java:51)
	at org.apache.hc.client5.http.impl.classic.ContentCompressionExec.execute(ContentCompressionExec.java:152)
	at org.apache.hc.client5.http.impl.classic.ExecChainElement.execute(ExecChainElement.java:51)
	at org.apache.hc.client5.http.impl.classic.RedirectExec.execute(RedirectExec.java:115)
	at org.apache.hc.client5.http.impl.classic.ExecChainElement.execute(ExecChainElement.java:51)
	at org.apache.hc.client5.http.impl.classic.InternalHttpClient.doExecute(InternalHttpClient.java:170)
	at org.apache.hc.client5.http.impl.classic.CloseableHttpClient.execute(CloseableHttpClient.java:87)
	at org.apache.hc.client5.http.impl.classic.CloseableHttpClient.execute(CloseableHttpClient.java:55)
	at org.apache.hc.client5.http.classic.HttpClient.executeOpen(HttpClient.java:183)
	at io.github.bonigarcia.wdm.online.HttpClient.execute(HttpClient.java:157)
	at io.github.bonigarcia.wdm.online.Parser.parseJson(Parser.java:54)
	at io.github.bonigarcia.wdm.managers.ChromeDriverManager.getDriverUrls(ChromeDriverManager.java:117)
	at io.github.bonigarcia.wdm.WebDriverManager.createUrlHandler(WebDriverManager.java:1442)
	at io.github.bonigarcia.wdm.WebDriverManager.download(WebDriverManager.java:1268)
	at io.github.bonigarcia.wdm.WebDriverManager.manage(WebDriverManager.java:1184)
	at io.github.bonigarcia.wdm.WebDriverManager.fallback(WebDriverManager.java:1437)
	at io.github.bonigarcia.wdm.WebDriverManager.handleException(WebDriverManager.java:1415)
	at io.github.bonigarcia.wdm.WebDriverManager.manage(WebDriverManager.java:1190)
	at io.github.bonigarcia.wdm.WebDriverManager.setup(WebDriverManager.java:427)
	at com.imran.automation.factory.DriverFactory.initializeDriver(DriverFactory.java:48)
	at com.imran.automation.base.BaseTest.setUp(BaseTest.java:26)
	at java.base/jdk.internal.reflect.NativeMethodAccessorImpl.invoke0(Native Method)
	at java.base/jdk.internal.reflect.NativeMethodAccessorImpl.invoke(NativeMethodAccessorImpl.java:77)
	at java.base/jdk.internal.reflect.DelegatingMethodAccessorImpl.invoke(DelegatingMethodAccessorImpl.java:43)
	at java.base/java.lang.reflect.Method.invoke(Method.java:568)
	at org.testng.internal.invokers.MethodInvocationHelper.invokeMethod(MethodInvocationHelper.java:141)
	at org.testng.internal.invokers.MethodInvocationHelper.invokeMethodConsideringTimeout(MethodInvocationHelper.java:71)
	at org.testng.internal.invokers.ConfigInvoker.invokeConfigurationMethod(ConfigInvoker.java:400)
	at org.testng.internal.invokers.ConfigInvoker.invokeConfigurations(ConfigInvoker.java:333)
	at org.testng.internal.invokers.TestInvoker.runConfigMethods(TestInvoker.java:836)
	at org.testng.internal.invokers.TestInvoker.invokeMethod(TestInvoker.java:601)
	at org.testng.internal.invokers.TestInvoker.invokeTestMethod(TestInvoker.java:230)
	at org.testng.internal.invokers.MethodRunner.runInSequence(MethodRunner.java:63)
	at org.testng.internal.invokers.TestInvoker$MethodInvocationAgent.invoke(TestInvoker.java:995)
	at org.testng.internal.invokers.TestInvoker.invokeTestMethods(TestInvoker.java:203)
	at org.testng.internal.invokers.TestMethodWorker.invokeTestMethods(TestMethodWorker.java:154)
	at org.testng.internal.invokers.TestMethodWorker.run(TestMethodWorker.java:134)
	at java.base/java.util.ArrayList.forEach(ArrayList.java:1511)
	at org.testng.TestRunner.privateRun(TestRunner.java:741)
	at org.testng.TestRunner.run(TestRunner.java:616)
	at org.testng.SuiteRunner.runTest(SuiteRunner.java:421)
	at org.testng.SuiteRunner.runSequentially(SuiteRunner.java:413)
	at org.testng.SuiteRunner.privateRun(SuiteRunner.java:373)
	at org.testng.SuiteRunner.run(SuiteRunner.java:312)
	at org.testng.SuiteRunnerWorker.runSuite(SuiteRunnerWorker.java:52)
	at org.testng.SuiteRunnerWorker.run(SuiteRunnerWorker.java:95)
	at org.testng.TestNG.runSuitesSequentially(TestNG.java:1274)
	at org.testng.TestNG.runSuitesLocally(TestNG.java:1208)
	at org.testng.TestNG.runSuites(TestNG.java:1112)
	at org.testng.TestNG.run(TestNG.java:1079)
	at org.apache.maven.surefire.testng.TestNGExecutor.run(TestNGExecutor.java:155)
	at org.apache.maven.surefire.testng.TestNGDirectoryTestSuite.executeSingleClass(TestNGDirectoryTestSuite.java:102)
	at org.apache.maven.surefire.testng.TestNGDirectoryTestSuite.execute(TestNGDirectoryTestSuite.java:91)
	at org.apache.maven.surefire.testng.TestNGProvider.invoke(TestNGProvider.java:137)
	at org.apache.maven.surefire.booter.ForkedBooter.runSuitesInProcess(ForkedBooter.java:385)
	at org.apache.maven.surefire.booter.ForkedBooter.execute(ForkedBooter.java:162)
	at org.apache.maven.surefire.booter.ForkedBooter.run(ForkedBooter.java:507)
	at org.apache.maven.surefire.booter.ForkedBooter.main(ForkedBooter.java:495)
2026-04-03 19:20:34.410 [main] INFO  c.i.a.b.BaseTest - Starting test teardown.
2026-04-03 19:20:34.531 [main] ERROR o.t.r.j.Main - C:\Users\Hp\OneDrive\Documents\New project\target\surefire-reports\jquery-3.6.0.min.js
java.nio.file.AccessDeniedException: C:\Users\Hp\OneDrive\Documents\New project\target\surefire-reports\jquery-3.6.0.min.js
	at java.base/sun.nio.fs.WindowsException.translateToIOException(WindowsException.java:89)
	at java.base/sun.nio.fs.WindowsException.rethrowAsIOException(WindowsException.java:103)
	at java.base/sun.nio.fs.WindowsException.rethrowAsIOException(WindowsException.java:108)
	at java.base/sun.nio.fs.WindowsFileSystemProvider.implDelete(WindowsFileSystemProvider.java:275)
	at java.base/sun.nio.fs.AbstractFileSystemProvider.deleteIfExists(AbstractFileSystemProvider.java:110)
	at java.base/java.nio.file.Files.deleteIfExists(Files.java:1191)
	at java.base/java.nio.file.Files.copy(Files.java:3148)
	at org.testng.reporters.jq.Main.generateReport(Main.java:95)
	at org.testng.TestNG.generateReports(TestNG.java:1160)
	at org.testng.TestNG.run(TestNG.java:1085)
	at org.apache.maven.surefire.testng.TestNGExecutor.run(TestNGExecutor.java:155)
	at org.apache.maven.surefire.testng.TestNGDirectoryTestSuite.executeSingleClass(TestNGDirectoryTestSuite.java:102)
	at org.apache.maven.surefire.testng.TestNGDirectoryTestSuite.execute(TestNGDirectoryTestSuite.java:91)
	at org.apache.maven.surefire.testng.TestNGProvider.invoke(TestNGProvider.java:137)
	at org.apache.maven.surefire.booter.ForkedBooter.runSuitesInProcess(ForkedBooter.java:385)
	at org.apache.maven.surefire.booter.ForkedBooter.execute(ForkedBooter.java:162)
	at org.apache.maven.surefire.booter.ForkedBooter.run(ForkedBooter.java:507)
	at org.apache.maven.surefire.booter.ForkedBooter.main(ForkedBooter.java:495)
2026-04-03 19:22:26.668 [main] INFO  c.i.a.b.BaseTest - Starting test setup. Browser parameter: null, resolved browser: chrome, headless: false
2026-04-03 19:22:26.668 [main] INFO  c.i.a.f.DriverFactory - Initializing driver. Browser: chrome, headless: false
2026-04-03 19:22:28.433 [main] INFO  i.g.b.w.WebDriverManager - Using chromedriver 146.0.7680.165 (resolved driver for Chrome 146)
2026-04-03 19:22:28.497 [main] INFO  i.g.b.w.WebDriverManager - Exporting webdriver.chrome.driver as C:\Users\Hp\.cache\selenium\chromedriver\win64\146.0.7680.165\chromedriver.exe
2026-04-03 19:22:28.516 [main] INFO  c.i.a.f.DriverFactory - Created temporary browser profile directory: C:\Users\Hp\AppData\Local\Temp\chrome-profile-9411700994421216031
2026-04-03 19:22:28.519 [main] INFO  c.i.a.f.DriverFactory - Launching Chrome with options: {browserName=chrome, goog:chromeOptions={args=[--window-size=1920,1080, --disable-dev-shm-usage, --no-sandbox, --disable-gpu, --remote-allow-origins=*, --remote-debugging-port=0, --disable-extensions, --disable-notifications, --disable-popup-blocking, --user-data-dir=C:\Users\Hp\AppData\Local\Temp\chrome-profile-9411700994421216031, --start-maximized], extensions=[]}}
2026-04-03 19:22:30.141 [main] INFO  c.i.a.f.DriverFactory - Driver initialized successfully for browser: chrome
2026-04-03 19:22:34.906 [main] INFO  c.i.a.b.BaseTest - Navigated to base URL: https://opensource-demo.orangehrmlive.com/web/index.php/auth/login
2026-04-03 19:22:53.138 [main] INFO  c.i.a.p.a.UserFormPage - Employee autocomplete options displayed for search text 'ManAdmin355156': [ManAdmin355156 Sarina Stoltenberg355156]
2026-04-03 19:23:19.931 [main] INFO  c.i.a.b.BaseTest - Starting test teardown.
2026-04-03 19:23:19.931 [main] INFO  c.i.a.f.DriverFactory - Quitting driver for current thread.
2026-04-03 19:23:20.776 [main] INFO  c.i.a.b.BaseTest - Starting test setup. Browser parameter: null, resolved browser: chrome, headless: false
2026-04-03 19:23:20.777 [main] INFO  c.i.a.f.DriverFactory - Initializing driver. Browser: chrome, headless: false
2026-04-03 19:23:20.800 [main] INFO  i.g.b.w.WebDriverManager - Using chromedriver 146.0.7680.165 (resolved driver for Chrome 146)
2026-04-03 19:23:20.852 [main] INFO  i.g.b.w.WebDriverManager - Exporting webdriver.chrome.driver as C:\Users\Hp\.cache\selenium\chromedriver\win64\146.0.7680.165\chromedriver.exe
2026-04-03 19:23:20.853 [main] INFO  c.i.a.f.DriverFactory - Created temporary browser profile directory: C:\Users\Hp\AppData\Local\Temp\chrome-profile-822056947910344973
2026-04-03 19:23:20.853 [main] INFO  c.i.a.f.DriverFactory - Launching Chrome with options: {browserName=chrome, goog:chromeOptions={args=[--window-size=1920,1080, --disable-dev-shm-usage, --no-sandbox, --disable-gpu, --remote-allow-origins=*, --remote-debugging-port=0, --disable-extensions, --disable-notifications, --disable-popup-blocking, --user-data-dir=C:\Users\Hp\AppData\Local\Temp\chrome-profile-822056947910344973, --start-maximized], extensions=[]}}
2026-04-03 19:23:21.718 [main] INFO  c.i.a.f.DriverFactory - Driver initialized successfully for browser: chrome
2026-04-03 19:23:24.589 [main] INFO  c.i.a.b.BaseTest - Navigated to base URL: https://opensource-demo.orangehrmlive.com/web/index.php/auth/login
2026-04-03 19:23:50.758 [main] INFO  c.i.a.p.a.UserFormPage - Employee autocomplete options displayed for search text 'BradleyAdmin404591': [BradleyAdmin404591 Lanette Bahringer404591]
2026-04-03 19:24:00.709 [main] INFO  c.i.a.p.a.UserFormPage - Employee autocomplete options displayed for search text 'JackelineAdmin404652': [JackelineAdmin404652 Myriam Flatley404652]
2026-04-03 19:24:01.933 [main] INFO  c.i.a.b.BaseTest - Starting test teardown.
2026-04-03 19:24:01.933 [main] INFO  c.i.a.f.DriverFactory - Quitting driver for current thread.
2026-04-03 19:24:02.884 [main] INFO  c.i.a.b.BaseTest - Starting test setup. Browser parameter: null, resolved browser: chrome, headless: false
2026-04-03 19:24:02.884 [main] INFO  c.i.a.f.DriverFactory - Initializing driver. Browser: chrome, headless: false
2026-04-03 19:24:02.903 [main] INFO  i.g.b.w.WebDriverManager - Using chromedriver 146.0.7680.165 (resolved driver for Chrome 146)
2026-04-03 19:24:02.937 [main] INFO  i.g.b.w.WebDriverManager - Exporting webdriver.chrome.driver as C:\Users\Hp\.cache\selenium\chromedriver\win64\146.0.7680.165\chromedriver.exe
2026-04-03 19:24:02.942 [main] INFO  c.i.a.f.DriverFactory - Created temporary browser profile directory: C:\Users\Hp\AppData\Local\Temp\chrome-profile-4761981147627324326
2026-04-03 19:24:02.943 [main] INFO  c.i.a.f.DriverFactory - Launching Chrome with options: {browserName=chrome, goog:chromeOptions={args=[--window-size=1920,1080, --disable-dev-shm-usage, --no-sandbox, --disable-gpu, --remote-allow-origins=*, --remote-debugging-port=0, --disable-extensions, --disable-notifications, --disable-popup-blocking, --user-data-dir=C:\Users\Hp\AppData\Local\Temp\chrome-profile-4761981147627324326, --start-maximized], extensions=[]}}
2026-04-03 19:24:04.060 [main] INFO  c.i.a.f.DriverFactory - Driver initialized successfully for browser: chrome
2026-04-03 19:24:06.670 [main] INFO  c.i.a.b.BaseTest - Navigated to base URL: https://opensource-demo.orangehrmlive.com/web/index.php/auth/login
2026-04-03 19:24:13.631 [main] INFO  c.i.a.b.BaseTest - Starting test teardown.
2026-04-03 19:24:13.631 [main] INFO  c.i.a.f.DriverFactory - Quitting driver for current thread.
2026-04-03 19:25:05.296 [main] INFO  c.i.a.b.BaseTest - Starting test setup. Browser parameter: null, resolved browser: chrome, headless: false
2026-04-03 19:25:05.303 [main] INFO  c.i.a.f.DriverFactory - Initializing driver. Browser: chrome, headless: false
2026-04-03 19:25:06.133 [main] INFO  i.g.b.w.WebDriverManager - Using chromedriver 146.0.7680.165 (resolved driver for Chrome 146)
2026-04-03 19:25:06.267 [main] INFO  i.g.b.w.WebDriverManager - Exporting webdriver.chrome.driver as C:\Users\Hp\.cache\selenium\chromedriver\win64\146.0.7680.165\chromedriver.exe
2026-04-03 19:25:06.291 [main] INFO  c.i.a.f.DriverFactory - Created temporary browser profile directory: C:\Users\Hp\AppData\Local\Temp\chrome-profile-85330050740502427
2026-04-03 19:25:06.303 [main] INFO  c.i.a.f.DriverFactory - Launching Chrome with options: {browserName=chrome, goog:chromeOptions={args=[--window-size=1920,1080, --disable-dev-shm-usage, --no-sandbox, --disable-gpu, --remote-allow-origins=*, --remote-debugging-port=0, --disable-extensions, --disable-notifications, --disable-popup-blocking, --user-data-dir=C:\Users\Hp\AppData\Local\Temp\chrome-profile-85330050740502427, --start-maximized], extensions=[]}}
2026-04-03 19:25:07.995 [main] INFO  c.i.a.f.DriverFactory - Driver initialized successfully for browser: chrome
2026-04-03 19:25:11.032 [main] INFO  c.i.a.b.BaseTest - Navigated to base URL: https://opensource-demo.orangehrmlive.com/web/index.php/auth/login
2026-04-03 19:25:29.580 [main] INFO  c.i.a.p.a.UserFormPage - Employee autocomplete options displayed for search text 'TijuanaAdmin511383': [TijuanaAdmin511383 Armando Price511383]
2026-04-03 19:25:54.914 [main] INFO  c.i.a.b.BaseTest - Starting test teardown.
2026-04-03 19:25:54.914 [main] INFO  c.i.a.f.DriverFactory - Quitting driver for current thread.
2026-04-03 19:25:55.536 [main] INFO  c.i.a.b.BaseTest - Starting test setup. Browser parameter: null, resolved browser: chrome, headless: false
2026-04-03 19:25:55.536 [main] INFO  c.i.a.f.DriverFactory - Initializing driver. Browser: chrome, headless: false
2026-04-03 19:25:55.554 [main] INFO  i.g.b.w.WebDriverManager - Using chromedriver 146.0.7680.165 (resolved driver for Chrome 146)
2026-04-03 19:25:55.575 [main] INFO  i.g.b.w.WebDriverManager - Exporting webdriver.chrome.driver as C:\Users\Hp\.cache\selenium\chromedriver\win64\146.0.7680.165\chromedriver.exe
2026-04-03 19:25:55.577 [main] INFO  c.i.a.f.DriverFactory - Created temporary browser profile directory: C:\Users\Hp\AppData\Local\Temp\chrome-profile-5024355951476977995
2026-04-03 19:25:55.577 [main] INFO  c.i.a.f.DriverFactory - Launching Chrome with options: {browserName=chrome, goog:chromeOptions={args=[--window-size=1920,1080, --disable-dev-shm-usage, --no-sandbox, --disable-gpu, --remote-allow-origins=*, --remote-debugging-port=0, --disable-extensions, --disable-notifications, --disable-popup-blocking, --user-data-dir=C:\Users\Hp\AppData\Local\Temp\chrome-profile-5024355951476977995, --start-maximized], extensions=[]}}
2026-04-03 19:25:56.373 [main] INFO  c.i.a.f.DriverFactory - Driver initialized successfully for browser: chrome
2026-04-03 19:25:58.945 [main] INFO  c.i.a.b.BaseTest - Navigated to base URL: https://opensource-demo.orangehrmlive.com/web/index.php/auth/login
2026-04-03 19:26:25.906 [main] INFO  c.i.a.p.a.UserFormPage - Employee autocomplete options displayed for search text 'TalishaAdmin558947': [TalishaAdmin558947 Noble Parker558947]
2026-04-03 19:26:35.595 [main] INFO  c.i.a.p.a.UserFormPage - Employee autocomplete options displayed for search text 'BrittnyAdmin558992': [BrittnyAdmin558992 Felice Emmerich558992]
2026-04-03 19:26:36.773 [main] INFO  c.i.a.p.a.UserFormPage - Validation messages after Admin user submission: [Should be at least 5 characters]
2026-04-03 19:26:58.102 [main] INFO  c.i.a.b.BaseTest - Starting test teardown.
2026-04-03 19:26:58.104 [main] INFO  c.i.a.f.DriverFactory - Quitting driver for current thread.
2026-04-03 19:26:58.466 [main] INFO  c.i.a.b.BaseTest - Starting test setup. Browser parameter: null, resolved browser: chrome, headless: false
2026-04-03 19:26:58.466 [main] INFO  c.i.a.f.DriverFactory - Initializing driver. Browser: chrome, headless: false
2026-04-03 19:26:58.491 [main] INFO  i.g.b.w.WebDriverManager - Using chromedriver 146.0.7680.165 (resolved driver for Chrome 146)
2026-04-03 19:26:58.545 [main] INFO  i.g.b.w.WebDriverManager - Exporting webdriver.chrome.driver as C:\Users\Hp\.cache\selenium\chromedriver\win64\146.0.7680.165\chromedriver.exe
2026-04-03 19:26:58.547 [main] INFO  c.i.a.f.DriverFactory - Created temporary browser profile directory: C:\Users\Hp\AppData\Local\Temp\chrome-profile-17186612630361121310
2026-04-03 19:26:58.547 [main] INFO  c.i.a.f.DriverFactory - Launching Chrome with options: {browserName=chrome, goog:chromeOptions={args=[--window-size=1920,1080, --disable-dev-shm-usage, --no-sandbox, --disable-gpu, --remote-allow-origins=*, --remote-debugging-port=0, --disable-extensions, --disable-notifications, --disable-popup-blocking, --user-data-dir=C:\Users\Hp\AppData\Local\Temp\chrome-profile-17186612630361121310, --start-maximized], extensions=[]}}
2026-04-03 19:26:59.677 [main] INFO  c.i.a.f.DriverFactory - Driver initialized successfully for browser: chrome
2026-04-03 19:27:02.149 [main] INFO  c.i.a.b.BaseTest - Navigated to base URL: https://opensource-demo.orangehrmlive.com/web/index.php/auth/login
2026-04-03 19:27:08.685 [main] INFO  c.i.a.b.BaseTest - Starting test teardown.
2026-04-03 19:27:08.685 [main] INFO  c.i.a.f.DriverFactory - Quitting driver for current thread.
2026-04-03 19:27:46.155 [main] INFO  c.i.a.b.BaseTest - Starting test setup. Browser parameter: null, resolved browser: chrome, headless: false
2026-04-03 19:27:46.172 [main] INFO  c.i.a.f.DriverFactory - Initializing driver. Browser: chrome, headless: false
2026-04-03 19:27:46.979 [main] INFO  i.g.b.w.WebDriverManager - Using chromedriver 146.0.7680.165 (resolved driver for Chrome 146)
2026-04-03 19:27:47.039 [main] INFO  i.g.b.w.WebDriverManager - Exporting webdriver.chrome.driver as C:\Users\Hp\.cache\selenium\chromedriver\win64\146.0.7680.165\chromedriver.exe
2026-04-03 19:27:47.045 [main] INFO  c.i.a.f.DriverFactory - Created temporary browser profile directory: C:\Users\Hp\AppData\Local\Temp\chrome-profile-9065383510556389721
2026-04-03 19:27:47.055 [main] INFO  c.i.a.f.DriverFactory - Launching Chrome with options: {browserName=chrome, goog:chromeOptions={args=[--window-size=1920,1080, --disable-dev-shm-usage, --no-sandbox, --disable-gpu, --remote-allow-origins=*, --remote-debugging-port=0, --disable-extensions, --disable-notifications, --disable-popup-blocking, --user-data-dir=C:\Users\Hp\AppData\Local\Temp\chrome-profile-9065383510556389721, --start-maximized], extensions=[]}}
2026-04-03 19:27:48.882 [main] INFO  c.i.a.f.DriverFactory - Driver initialized successfully for browser: chrome
2026-04-03 19:27:51.911 [main] INFO  c.i.a.b.BaseTest - Navigated to base URL: https://opensource-demo.orangehrmlive.com/web/index.php/auth/login
2026-04-03 19:28:10.470 [main] INFO  c.i.a.p.a.UserFormPage - Employee autocomplete options displayed for search text 'SantiagoAdmin672270': [SantiagoAdmin672270 Dirk Dietrich672270]
2026-04-03 19:28:36.789 [main] INFO  c.i.a.b.BaseTest - Starting test teardown.
2026-04-03 19:28:36.789 [main] INFO  c.i.a.f.DriverFactory - Quitting driver for current thread.
2026-04-03 19:28:37.993 [main] INFO  c.i.a.b.BaseTest - Starting test setup. Browser parameter: null, resolved browser: chrome, headless: false
2026-04-03 19:28:37.995 [main] INFO  c.i.a.f.DriverFactory - Initializing driver. Browser: chrome, headless: false
2026-04-03 19:28:38.034 [main] INFO  i.g.b.w.WebDriverManager - Using chromedriver 146.0.7680.165 (resolved driver for Chrome 146)
2026-04-03 19:28:38.104 [main] INFO  i.g.b.w.WebDriverManager - Exporting webdriver.chrome.driver as C:\Users\Hp\.cache\selenium\chromedriver\win64\146.0.7680.165\chromedriver.exe
2026-04-03 19:28:38.105 [main] INFO  c.i.a.f.DriverFactory - Created temporary browser profile directory: C:\Users\Hp\AppData\Local\Temp\chrome-profile-9134559075786408285
2026-04-03 19:28:38.106 [main] INFO  c.i.a.f.DriverFactory - Launching Chrome with options: {browserName=chrome, goog:chromeOptions={args=[--window-size=1920,1080, --disable-dev-shm-usage, --no-sandbox, --disable-gpu, --remote-allow-origins=*, --remote-debugging-port=0, --disable-extensions, --disable-notifications, --disable-popup-blocking, --user-data-dir=C:\Users\Hp\AppData\Local\Temp\chrome-profile-9134559075786408285, --start-maximized], extensions=[]}}
2026-04-03 19:28:39.199 [main] INFO  c.i.a.f.DriverFactory - Driver initialized successfully for browser: chrome
2026-04-03 19:28:45.142 [main] INFO  c.i.a.b.BaseTest - Navigated to base URL: https://opensource-demo.orangehrmlive.com/web/index.php/auth/login
2026-04-03 19:29:25.240 [main] ERROR c.i.a.p.p.AddEmployeePage - Add Employee did not navigate to Personal Details. URL: https://opensource-demo.orangehrmlive.com/web/index.php/pim/addEmployee | Employee ID: 0489 | First name: KarlAdmin725144 | Middle name: Benjamin | Last name: Veum725144
2026-04-03 19:29:25.274 [main] ERROR c.i.a.p.p.AddEmployeePage - Captured add employee page source at C:\Users\Hp\OneDrive\Documents\New project\target\add-employee-page-source.html
2026-04-03 19:29:25.289 [main] INFO  c.i.a.b.BaseTest - Starting test teardown.
2026-04-03 19:29:25.289 [main] INFO  c.i.a.f.DriverFactory - Quitting driver for current thread.
2026-04-03 19:29:26.345 [main] INFO  c.i.a.b.BaseTest - Starting test setup. Browser parameter: null, resolved browser: chrome, headless: false
2026-04-03 19:29:26.345 [main] INFO  c.i.a.f.DriverFactory - Initializing driver. Browser: chrome, headless: false
2026-04-03 19:29:26.373 [main] INFO  i.g.b.w.WebDriverManager - Using chromedriver 146.0.7680.165 (resolved driver for Chrome 146)
2026-04-03 19:29:26.399 [main] INFO  i.g.b.w.WebDriverManager - Exporting webdriver.chrome.driver as C:\Users\Hp\.cache\selenium\chromedriver\win64\146.0.7680.165\chromedriver.exe
2026-04-03 19:29:26.401 [main] INFO  c.i.a.f.DriverFactory - Created temporary browser profile directory: C:\Users\Hp\AppData\Local\Temp\chrome-profile-212889366095977734
2026-04-03 19:29:26.401 [main] INFO  c.i.a.f.DriverFactory - Launching Chrome with options: {browserName=chrome, goog:chromeOptions={args=[--window-size=1920,1080, --disable-dev-shm-usage, --no-sandbox, --disable-gpu, --remote-allow-origins=*, --remote-debugging-port=0, --disable-extensions, --disable-notifications, --disable-popup-blocking, --user-data-dir=C:\Users\Hp\AppData\Local\Temp\chrome-profile-212889366095977734, --start-maximized], extensions=[]}}
2026-04-03 19:29:27.610 [main] INFO  c.i.a.f.DriverFactory - Driver initialized successfully for browser: chrome
2026-04-03 19:29:31.725 [main] INFO  c.i.a.b.BaseTest - Navigated to base URL: https://opensource-demo.orangehrmlive.com/web/index.php/auth/login
2026-04-03 19:29:41.802 [main] INFO  c.i.a.b.BaseTest - Starting test teardown.
2026-04-03 19:29:41.802 [main] INFO  c.i.a.f.DriverFactory - Quitting driver for current thread.
2026-04-03 19:30:28.783 [main] INFO  c.i.a.b.BaseTest - Starting test setup. Browser parameter: null, resolved browser: chrome, headless: false
2026-04-03 19:30:28.790 [main] INFO  c.i.a.f.DriverFactory - Initializing driver. Browser: chrome, headless: false
2026-04-03 19:30:29.260 [main] INFO  i.g.b.w.WebDriverManager - Using chromedriver 146.0.7680.165 (resolved driver for Chrome 146)
2026-04-03 19:30:29.290 [main] INFO  i.g.b.w.WebDriverManager - Exporting webdriver.chrome.driver as C:\Users\Hp\.cache\selenium\chromedriver\win64\146.0.7680.165\chromedriver.exe
2026-04-03 19:30:29.307 [main] INFO  c.i.a.f.DriverFactory - Created temporary browser profile directory: C:\Users\Hp\AppData\Local\Temp\chrome-profile-13662189419375979905
2026-04-03 19:30:29.308 [main] INFO  c.i.a.f.DriverFactory - Launching Chrome with options: {browserName=chrome, goog:chromeOptions={args=[--window-size=1920,1080, --disable-dev-shm-usage, --no-sandbox, --disable-gpu, --remote-allow-origins=*, --remote-debugging-port=0, --disable-extensions, --disable-notifications, --disable-popup-blocking, --user-data-dir=C:\Users\Hp\AppData\Local\Temp\chrome-profile-13662189419375979905, --start-maximized], extensions=[]}}
2026-04-03 19:30:30.498 [main] INFO  c.i.a.f.DriverFactory - Driver initialized successfully for browser: chrome
2026-04-03 19:30:33.185 [main] INFO  c.i.a.b.BaseTest - Navigated to base URL: https://opensource-demo.orangehrmlive.com/web/index.php/auth/login
2026-04-03 19:30:50.890 [main] INFO  c.i.a.p.a.UserFormPage - Employee autocomplete options displayed for search text 'DeanAdmin833485': [DeanAdmin833485 Leland Jacobi833485]
2026-04-03 19:31:16.219 [main] INFO  c.i.a.b.BaseTest - Starting test teardown.
2026-04-03 19:31:16.219 [main] INFO  c.i.a.f.DriverFactory - Quitting driver for current thread.
2026-04-03 19:31:16.977 [main] INFO  c.i.a.b.BaseTest - Starting test setup. Browser parameter: null, resolved browser: chrome, headless: false
2026-04-03 19:31:16.977 [main] INFO  c.i.a.f.DriverFactory - Initializing driver. Browser: chrome, headless: false
2026-04-03 19:31:17.000 [main] INFO  i.g.b.w.WebDriverManager - Using chromedriver 146.0.7680.165 (resolved driver for Chrome 146)
2026-04-03 19:31:17.023 [main] INFO  i.g.b.w.WebDriverManager - Exporting webdriver.chrome.driver as C:\Users\Hp\.cache\selenium\chromedriver\win64\146.0.7680.165\chromedriver.exe
2026-04-03 19:31:17.025 [main] INFO  c.i.a.f.DriverFactory - Created temporary browser profile directory: C:\Users\Hp\AppData\Local\Temp\chrome-profile-4204065447375524538
2026-04-03 19:31:17.025 [main] INFO  c.i.a.f.DriverFactory - Launching Chrome with options: {browserName=chrome, goog:chromeOptions={args=[--window-size=1920,1080, --disable-dev-shm-usage, --no-sandbox, --disable-gpu, --remote-allow-origins=*, --remote-debugging-port=0, --disable-extensions, --disable-notifications, --disable-popup-blocking, --user-data-dir=C:\Users\Hp\AppData\Local\Temp\chrome-profile-4204065447375524538, --start-maximized], extensions=[]}}
2026-04-03 19:31:17.850 [main] INFO  c.i.a.f.DriverFactory - Driver initialized successfully for browser: chrome
2026-04-03 19:31:21.287 [main] INFO  c.i.a.b.BaseTest - Navigated to base URL: https://opensource-demo.orangehrmlive.com/web/index.php/auth/login
2026-04-03 19:31:39.254 [main] INFO  c.i.a.p.a.UserFormPage - Employee autocomplete options displayed for search text 'BasilAdmin881289': [BasilAdmin881289 Geneva Cremin881289]
2026-04-03 19:31:40.439 [main] INFO  c.i.a.p.a.UserFormPage - Validation messages after Admin user submission: [Should be at least 5 characters]
2026-04-03 19:31:40.458 [main] INFO  c.i.a.b.BaseTest - Starting test teardown.
2026-04-03 19:31:40.458 [main] INFO  c.i.a.f.DriverFactory - Quitting driver for current thread.
2026-04-03 19:31:40.775 [main] INFO  c.i.a.b.BaseTest - Starting test setup. Browser parameter: null, resolved browser: chrome, headless: false
2026-04-03 19:31:40.775 [main] INFO  c.i.a.f.DriverFactory - Initializing driver. Browser: chrome, headless: false
2026-04-03 19:31:40.799 [main] INFO  i.g.b.w.WebDriverManager - Using chromedriver 146.0.7680.165 (resolved driver for Chrome 146)
2026-04-03 19:31:40.839 [main] INFO  i.g.b.w.WebDriverManager - Exporting webdriver.chrome.driver as C:\Users\Hp\.cache\selenium\chromedriver\win64\146.0.7680.165\chromedriver.exe
2026-04-03 19:31:40.839 [main] INFO  c.i.a.f.DriverFactory - Created temporary browser profile directory: C:\Users\Hp\AppData\Local\Temp\chrome-profile-8625281764883465053
2026-04-03 19:31:40.841 [main] INFO  c.i.a.f.DriverFactory - Launching Chrome with options: {browserName=chrome, goog:chromeOptions={args=[--window-size=1920,1080, --disable-dev-shm-usage, --no-sandbox, --disable-gpu, --remote-allow-origins=*, --remote-debugging-port=0, --disable-extensions, --disable-notifications, --disable-popup-blocking, --user-data-dir=C:\Users\Hp\AppData\Local\Temp\chrome-profile-8625281764883465053, --start-maximized], extensions=[]}}
2026-04-03 19:31:41.798 [main] INFO  c.i.a.f.DriverFactory - Driver initialized successfully for browser: chrome
2026-04-03 19:31:44.632 [main] INFO  c.i.a.b.BaseTest - Navigated to base URL: https://opensource-demo.orangehrmlive.com/web/index.php/auth/login
2026-04-03 19:31:51.135 [main] INFO  c.i.a.b.BaseTest - Starting test teardown.
2026-04-03 19:31:51.135 [main] INFO  c.i.a.f.DriverFactory - Quitting driver for current thread.
